1. init:

2008/02/11 22:21:43 INFO> Util.pm:52 Shipwright::Util::run - run cmd:
svk info //__shipwright/hello/
2008/02/11 22:21:44 INFO> Util.pm:54 Shipwright::Util::run - run output:
Depot Path: //__shipwright/hello
Revision: 79508
Last Changed Rev.: 79090

2008/02/11 22:21:44 INFO> SVK.pm:456 Shipwright::Backend::SVK::delete - delete //__shipwright/hello/
2008/02/11 22:21:44 INFO> Util.pm:52 Shipwright::Util::run - run cmd:
svk delete -m 'delete repository' //__shipwright/hello/
2008/02/11 22:21:44 INFO> Util.pm:54 Shipwright::Util::run - run output:
Committed revision 79509.
2008/02/11 22:21:44 INFO> SVK.pm:72 Shipwright::Backend::SVK::initialize - initialize //__shipwright/hello
2008/02/11 22:21:44 INFO> Util.pm:52 Shipwright::Util::run - run cmd:
svk import /var/folders/fn/fnQpv1CVF1OQBIYiaE+cQE+++TI/-Tmp-/mELaiutEO6 //__shipwright/hello -m 'created project'
2008/02/11 22:21:45 INFO> Util.pm:54 Shipwright::Util::run - run output:
Committed revision 79510.
Import path //__shipwright/hello initialized.
Committed revision 79511.
Directory /private/var/folders/fn/fnQpv1CVF1OQBIYiaE+cQE+++TI/-Tmp-/mELaiutEO6 imported to depotpath //__shipwright/hello as revision 79511.
2008/02/11 22:21:45 INFO> Util.pm:52 Shipwright::Util::run - run cmd:
svk propset svn:executable -m 'set prop svn:executable' '*' //__shipwright/hello/bin/shipwright-builder
2008/02/11 22:21:46 INFO> Util.pm:54 Shipwright::Util::run - run output:
Committed revision 79512.
2008/02/11 22:21:46 INFO> Util.pm:52 Shipwright::Util::run - run cmd:
svk propset svn:executable -m 'set prop svn:executable' '*' //__shipwright/hello/bin/shipwright-utility
2008/02/11 22:21:47 INFO> Util.pm:54 Shipwright::Util::run - run output:
Committed revision 79513.
2008/02/11 22:21:47 INFO> Util.pm:52 Shipwright::Util::run - run cmd:
svk propset svn:executable -m 'set prop svn:executable' '*' //__shipwright/hello/etc/shipwright-perl-wrapper
2008/02/11 22:21:47 INFO> Util.pm:54 Shipwright::Util::run - run output:
Committed revision 79514.
2008/02/11 22:21:47 INFO> Util.pm:52 Shipwright::Util::run - run cmd:
svk propset svn:executable -m 'set prop svn:executable' '*' //__shipwright/hello/etc/shipwright-script-wrapper
2008/02/11 22:21:48 INFO> Util.pm:54 Shipwright::Util::run - run output:
Committed revision 79515.
2008/02/11 22:21:48 INFO> Util.pm:52 Shipwright::Util::run - run cmd:
svk propset svn:executable -m 'set prop svn:executable' '*' //__shipwright/hello/t/test
2008/02/11 22:21:48 INFO> Util.pm:54 Shipwright::Util::run - run output:
Committed revision 79516.
2008/02/11 22:21:48 INFO> Util.pm:52 Shipwright::Util::run - run cmd:
svk propset svn:executable -m 'set prop svn:executable' '*' //__shipwright/hello/etc/shipwright-utility
2008/02/11 22:21:49 INFO> Util.pm:54 Shipwright::Util::run - run output:
Committed revision 79517.

2. import

2008/02/11 22:25:37 INFO> Util.pm:52 Shipwright::Util::run - run cmd:
svk cat //__shipwright/hello/shipwright/map.yml
2008/02/11 22:25:37 INFO> Util.pm:52 Shipwright::Util::run - run cmd:
svk cat //__shipwright/hello/shipwright/map.yml
2008/02/11 22:25:38 INFO> CPAN.pm:57 Shipwright::Source::CPAN::run - prepare to run source: Acme::Hello
2008/02/11 22:26:22 INFO> Compressed.pm:18 Shipwright::Source::Compressed::run - run source cpan-Acme-Hello: /var/folders/fn/fnQpv1CVF1OQBIYiaE+cQE+++TI/-Tmp-/FmU45m35eS/sources/authors/id/A/AU/AUTRIJUS/Acme-Hello-0.03.tar.gz
2008/02/11 22:26:22 INFO> Util.pm:52 Shipwright::Util::run - run cmd:
tar -t -f /var/folders/fn/fnQpv1CVF1OQBIYiaE+cQE+++TI/-Tmp-/FmU45m35eS/sources/authors/id/A/AU/AUTRIJUS/Acme-Hello-0.03.tar.gz
2008/02/11 22:26:22 INFO> Util.pm:54 Shipwright::Util::run - run output:
Acme-Hello-0.03
Acme-Hello-0.03/lib
Acme-Hello-0.03/Changes
Acme-Hello-0.03/MANIFEST
Acme-Hello-0.03/META.yml
Acme-Hello-0.03/t
Acme-Hello-0.03/MANIFEST.SKIP
Acme-Hello-0.03/inc
Acme-Hello-0.03/INSTALL
Acme-Hello-0.03/Build.PL
Acme-Hello-0.03/Makefile.PL
Acme-Hello-0.03/README
Acme-Hello-0.03/SIGNATURE
Acme-Hello-0.03/inc/Build.pm
Acme-Hello-0.03/t/0-signature.t
Acme-Hello-0.03/t/1-basic.t
Acme-Hello-0.03/lib/Acme
Acme-Hello-0.03/lib/Acme/Hello
Acme-Hello-0.03/lib/Acme/Hello.pm
Acme-Hello-0.03/lib/Acme/Hello/I18N
Acme-Hello-0.03/lib/Acme/Hello/I18N.pm
Acme-Hello-0.03/lib/Acme/Hello/I18N/ko.po
Acme-Hello-0.03/lib/Acme/Hello/I18N/gl.po
Acme-Hello-0.03/lib/Acme/Hello/I18N/id.po
Acme-Hello-0.03/lib/Acme/Hello/I18N/hr.po
Acme-Hello-0.03/lib/Acme/Hello/I18N/et.po
Acme-Hello-0.03/lib/Acme/Hello/I18N/uk.po
Acme-Hello-0.03/lib/Acme/Hello/I18N/ja.po
Acme-Hello-0.03/lib/Acme/Hello/I18N/nn.po
Acme-Hello-0.03/lib/Acme/Hello/I18N/nl.po
Acme-Hello-0.03/lib/Acme/Hello/I18N/nb.po
Acme-Hello-0.03/lib/Acme/Hello/I18N/el.po
Acme-Hello-0.03/lib/Acme/Hello/I18N/sk.po
Acme-Hello-0.03/lib/Acme/Hello/I18N/da.po
Acme-Hello-0.03/lib/Acme/Hello/I18N/pl.po
Acme-Hello-0.03/lib/Acme/Hello/I18N/fi.po
Acme-Hello-0.03/lib/Acme/Hello/I18N/ca.po
Acme-Hello-0.03/lib/Acme/Hello/I18N/pt.po
Acme-Hello-0.03/lib/Acme/Hello/I18N/sl.po
Acme-Hello-0.03/lib/Acme/Hello/I18N/sv.po
Acme-Hello-0.03/lib/Acme/Hello/I18N/eo.po
Acme-Hello-0.03/lib/Acme/Hello/I18N/de.po
Acme-Hello-0.03/lib/Acme/Hello/I18N/es.po
Acme-Hello-0.03/lib/Acme/Hello/I18N/it.po
Acme-Hello-0.03/lib/Acme/Hello/I18N/zh_CN.po
Acme-Hello-0.03/lib/Acme/Hello/I18N/fr.po
Acme-Hello-0.03/lib/Acme/Hello/I18N/de_DE.po
Acme-Hello-0.03/lib/Acme/Hello/I18N/en.po
Acme-Hello-0.03/lib/Acme/Hello/I18N/hu.po
Acme-Hello-0.03/lib/Acme/Hello/I18N/lv.po
Acme-Hello-0.03/lib/Acme/Hello/I18N/ru.po
Acme-Hello-0.03/lib/Acme/Hello/I18N/pt_BR.po
Acme-Hello-0.03/lib/Acme/Hello/I18N/zh_TW.po
Acme-Hello-0.03/lib/Acme/Hello/I18N/tr.po
Acme-Hello-0.03/lib/Acme/Hello/I18N/he.po
2008/02/11 22:26:22 INFO> Util.pm:52 Shipwright::Util::run - run cmd:
tar -t -f /var/folders/fn/fnQpv1CVF1OQBIYiaE+cQE+++TI/-Tmp-/FmU45m35eS/sources/authors/id/A/AU/AUTRIJUS/Acme-Hello-0.03.tar.gz
2008/02/11 22:26:22 INFO> Util.pm:54 Shipwright::Util::run - run output:
Acme-Hello-0.03
Acme-Hello-0.03/lib
Acme-Hello-0.03/Changes
Acme-Hello-0.03/MANIFEST
Acme-Hello-0.03/META.yml
Acme-Hello-0.03/t
Acme-Hello-0.03/MANIFEST.SKIP
Acme-Hello-0.03/inc
Acme-Hello-0.03/INSTALL
Acme-Hello-0.03/Build.PL
Acme-Hello-0.03/Makefile.PL
Acme-Hello-0.03/README
Acme-Hello-0.03/SIGNATURE
Acme-Hello-0.03/inc/Build.pm
Acme-Hello-0.03/t/0-signature.t
Acme-Hello-0.03/t/1-basic.t
Acme-Hello-0.03/lib/Acme
Acme-Hello-0.03/lib/Acme/Hello
Acme-Hello-0.03/lib/Acme/Hello.pm
Acme-Hello-0.03/lib/Acme/Hello/I18N
Acme-Hello-0.03/lib/Acme/Hello/I18N.pm
Acme-Hello-0.03/lib/Acme/Hello/I18N/ko.po
Acme-Hello-0.03/lib/Acme/Hello/I18N/gl.po
Acme-Hello-0.03/lib/Acme/Hello/I18N/id.po
Acme-Hello-0.03/lib/Acme/Hello/I18N/hr.po
Acme-Hello-0.03/lib/Acme/Hello/I18N/et.po
Acme-Hello-0.03/lib/Acme/Hello/I18N/uk.po
Acme-Hello-0.03/lib/Acme/Hello/I18N/ja.po
Acme-Hello-0.03/lib/Acme/Hello/I18N/nn.po
Acme-Hello-0.03/lib/Acme/Hello/I18N/nl.po
Acme-Hello-0.03/lib/Acme/Hello/I18N/nb.po
Acme-Hello-0.03/lib/Acme/Hello/I18N/el.po
Acme-Hello-0.03/lib/Acme/Hello/I18N/sk.po
Acme-Hello-0.03/lib/Acme/Hello/I18N/da.po
Acme-Hello-0.03/lib/Acme/Hello/I18N/pl.po
Acme-Hello-0.03/lib/Acme/Hello/I18N/fi.po
Acme-Hello-0.03/lib/Acme/Hello/I18N/ca.po
Acme-Hello-0.03/lib/Acme/Hello/I18N/pt.po
Acme-Hello-0.03/lib/Acme/Hello/I18N/sl.po
Acme-Hello-0.03/lib/Acme/Hello/I18N/sv.po
Acme-Hello-0.03/lib/Acme/Hello/I18N/eo.po
Acme-Hello-0.03/lib/Acme/Hello/I18N/de.po
Acme-Hello-0.03/lib/Acme/Hello/I18N/es.po
Acme-Hello-0.03/lib/Acme/Hello/I18N/it.po
Acme-Hello-0.03/lib/Acme/Hello/I18N/zh_CN.po
Acme-Hello-0.03/lib/Acme/Hello/I18N/fr.po
Acme-Hello-0.03/lib/Acme/Hello/I18N/de_DE.po
Acme-Hello-0.03/lib/Acme/Hello/I18N/en.po
Acme-Hello-0.03/lib/Acme/Hello/I18N/hu.po
Acme-Hello-0.03/lib/Acme/Hello/I18N/lv.po
Acme-Hello-0.03/lib/Acme/Hello/I18N/ru.po
Acme-Hello-0.03/lib/Acme/Hello/I18N/pt_BR.po
Acme-Hello-0.03/lib/Acme/Hello/I18N/zh_TW.po
Acme-Hello-0.03/lib/Acme/Hello/I18N/tr.po
Acme-Hello-0.03/lib/Acme/Hello/I18N/he.po
2008/02/11 22:26:22 INFO> Util.pm:52 Shipwright::Util::run - run cmd:
tar xfz /var/folders/fn/fnQpv1CVF1OQBIYiaE+cQE+++TI/-Tmp-/FmU45m35eS/sources/authors/id/A/AU/AUTRIJUS/Acme-Hello-0.03.tar.gz -C /var/folders/fn/fnQpv1CVF1OQBIYiaE+cQE+++TI/-Tmp-/Zxk3VcX6mX
2008/02/11 22:26:22 INFO> Util.pm:52 Shipwright::Util::run - run cmd:
mv /var/folders/fn/fnQpv1CVF1OQBIYiaE+cQE+++TI/-Tmp-/Zxk3VcX6mX/Acme-Hello-0.03 /var/folders/fn/fnQpv1CVF1OQBIYiaE+cQE+++TI/-Tmp-/Zxk3VcX6mX/cpan-Acme-Hello
2008/02/11 22:26:22 INFO> Util.pm:52 Shipwright::Util::run - run cmd:
perl Build.PL
2008/02/11 22:26:23 INFO> Util.pm:54 Shipwright::Util::run - run output:
Checking whether your kit is complete...
Looks good

Checking prerequisites...
Looks good

Creating new 'Build' script for 'Acme-Hello' version '0.03'
2008/02/11 22:26:23 INFO> Util.pm:52 Shipwright::Util::run - run cmd:
./Build realclean
2008/02/11 22:26:23 INFO> Util.pm:54 Shipwright::Util::run - run output:
Deleting _build
Deleting Build
2008/02/11 22:26:23 INFO> CPAN.pm:57 Shipwright::Source::CPAN::run - prepare to run source: Locale::Maketext::Lexicon
2008/02/11 22:26:31 INFO> Compressed.pm:18 Shipwright::Source::Compressed::run - run source cpan-Locale-Maketext-Lexicon: /var/folders/fn/fnQpv1CVF1OQBIYiaE+cQE+++TI/-Tmp-/FmU45m35eS/sources/authors/id/A/AU/AUDREYT/Locale-Maketext-Lexicon-0.65.tar.gz
2008/02/11 22:26:31 INFO> Util.pm:52 Shipwright::Util::run - run cmd:
tar -t -f /var/folders/fn/fnQpv1CVF1OQBIYiaE+cQE+++TI/-Tmp-/FmU45m35eS/sources/authors/id/A/AU/AUDREYT/Locale-Maketext-Lexicon-0.65.tar.gz
2008/02/11 22:26:31 INFO> Util.pm:54 Shipwright::Util::run - run output:
Locale-Maketext-Lexicon-0.65/
Locale-Maketext-Lexicon-0.65/AUTHORS
Locale-Maketext-Lexicon-0.65/Changes
Locale-Maketext-Lexicon-0.65/docs/
Locale-Maketext-Lexicon-0.65/docs/webl10n.html
Locale-Maketext-Lexicon-0.65/docs/webl10n.zh-tw.html
Locale-Maketext-Lexicon-0.65/inc/
Locale-Maketext-Lexicon-0.65/inc/attributes.pm
Locale-Maketext-Lexicon-0.65/inc/Module/
Locale-Maketext-Lexicon-0.65/inc/Module/Install/
Locale-Maketext-Lexicon-0.65/inc/Module/Install/Base.pm
Locale-Maketext-Lexicon-0.65/inc/Module/Install/Can.pm
Locale-Maketext-Lexicon-0.65/inc/Module/Install/Fetch.pm
Locale-Maketext-Lexicon-0.65/inc/Module/Install/Include.pm
Locale-Maketext-Lexicon-0.65/inc/Module/Install/Makefile.pm
Locale-Maketext-Lexicon-0.65/inc/Module/Install/Metadata.pm
Locale-Maketext-Lexicon-0.65/inc/Module/Install/Scripts.pm
Locale-Maketext-Lexicon-0.65/inc/Module/Install/Win32.pm
Locale-Maketext-Lexicon-0.65/inc/Module/Install/WriteAll.pm
Locale-Maketext-Lexicon-0.65/inc/Module/Install.pm
Locale-Maketext-Lexicon-0.65/inc/Test/
Locale-Maketext-Lexicon-0.65/inc/Test/Builder/
Locale-Maketext-Lexicon-0.65/inc/Test/Builder/Module.pm
Locale-Maketext-Lexicon-0.65/inc/Test/Builder.pm
Locale-Maketext-Lexicon-0.65/inc/Test/More.pm
Locale-Maketext-Lexicon-0.65/lib/
Locale-Maketext-Lexicon-0.65/lib/Locale/
Locale-Maketext-Lexicon-0.65/lib/Locale/Maketext/
Locale-Maketext-Lexicon-0.65/lib/Locale/Maketext/Extract/
Locale-Maketext-Lexicon-0.65/lib/Locale/Maketext/Extract/Run.pm
Locale-Maketext-Lexicon-0.65/lib/Locale/Maketext/Extract.pm
Locale-Maketext-Lexicon-0.65/lib/Locale/Maketext/Lexicon/
Locale-Maketext-Lexicon-0.65/lib/Locale/Maketext/Lexicon/Auto.pm
Locale-Maketext-Lexicon-0.65/lib/Locale/Maketext/Lexicon/Gettext.pm
Locale-Maketext-Lexicon-0.65/lib/Locale/Maketext/Lexicon/Msgcat.pm
Locale-Maketext-Lexicon-0.65/lib/Locale/Maketext/Lexicon/Tie.pm
Locale-Maketext-Lexicon-0.65/lib/Locale/Maketext/Lexicon.pm
Locale-Maketext-Lexicon-0.65/Makefile.PL
Locale-Maketext-Lexicon-0.65/MANIFEST
Locale-Maketext-Lexicon-0.65/META.yml
Locale-Maketext-Lexicon-0.65/README
Locale-Maketext-Lexicon-0.65/script/
Locale-Maketext-Lexicon-0.65/script/xgettext.pl
Locale-Maketext-Lexicon-0.65/SIGNATURE
Locale-Maketext-Lexicon-0.65/t/
Locale-Maketext-Lexicon-0.65/t/1-basic.t
Locale-Maketext-Lexicon-0.65/t/2-lmg.t
Locale-Maketext-Lexicon-0.65/t/3-big-endian.t
Locale-Maketext-Lexicon-0.65/t/4-encodings.t
Locale-Maketext-Lexicon-0.65/t/5-extract.t
Locale-Maketext-Lexicon-0.65/t/6-gettext.t
Locale-Maketext-Lexicon-0.65/t/99-bug-import-for-subclasses.t
Locale-Maketext-Lexicon-0.65/t/gencat.m
Locale-Maketext-Lexicon-0.65/t/locale/
Locale-Maketext-Lexicon-0.65/t/locale/en/
Locale-Maketext-Lexicon-0.65/t/locale/en/LC_MESSAGES/
Locale-Maketext-Lexicon-0.65/t/locale/en/LC_MESSAGES/test.mo
Locale-Maketext-Lexicon-0.65/t/locale/en/LC_MESSAGES/test_be.mo
Locale-Maketext-Lexicon-0.65/t/locale/en/LC_MESSAGES/test_utf8.mo
Locale-Maketext-Lexicon-0.65/t/locale/zh_CN/
Locale-Maketext-Lexicon-0.65/t/locale/zh_CN/LC_MESSAGES/
Locale-Maketext-Lexicon-0.65/t/locale/zh_CN/LC_MESSAGES/test.mo
Locale-Maketext-Lexicon-0.65/t/locale/zh_CN/LC_MESSAGES/test_be.mo
Locale-Maketext-Lexicon-0.65/t/locale/zh_CN/LC_MESSAGES/test_utf8.mo
Locale-Maketext-Lexicon-0.65/t/locale/zh_TW/
Locale-Maketext-Lexicon-0.65/t/locale/zh_TW/LC_MESSAGES/
Locale-Maketext-Lexicon-0.65/t/locale/zh_TW/LC_MESSAGES/test.mo
Locale-Maketext-Lexicon-0.65/t/locale/zh_TW/LC_MESSAGES/test_be.mo
Locale-Maketext-Lexicon-0.65/t/locale/zh_TW/LC_MESSAGES/test_utf8.mo
Locale-Maketext-Lexicon-0.65/t/messages.mo
Locale-Maketext-Lexicon-0.65/t/messages.po
Locale-Maketext-Lexicon-0.65/t/T_L10N.pm
2008/02/11 22:26:31 INFO> Util.pm:52 Shipwright::Util::run - run cmd:
tar -t -f /var/folders/fn/fnQpv1CVF1OQBIYiaE+cQE+++TI/-Tmp-/FmU45m35eS/sources/authors/id/A/AU/AUDREYT/Locale-Maketext-Lexicon-0.65.tar.gz
2008/02/11 22:26:31 INFO> Util.pm:54 Shipwright::Util::run - run output:
Locale-Maketext-Lexicon-0.65/
Locale-Maketext-Lexicon-0.65/AUTHORS
Locale-Maketext-Lexicon-0.65/Changes
Locale-Maketext-Lexicon-0.65/docs/
Locale-Maketext-Lexicon-0.65/docs/webl10n.html
Locale-Maketext-Lexicon-0.65/docs/webl10n.zh-tw.html
Locale-Maketext-Lexicon-0.65/inc/
Locale-Maketext-Lexicon-0.65/inc/attributes.pm
Locale-Maketext-Lexicon-0.65/inc/Module/
Locale-Maketext-Lexicon-0.65/inc/Module/Install/
Locale-Maketext-Lexicon-0.65/inc/Module/Install/Base.pm
Locale-Maketext-Lexicon-0.65/inc/Module/Install/Can.pm
Locale-Maketext-Lexicon-0.65/inc/Module/Install/Fetch.pm
Locale-Maketext-Lexicon-0.65/inc/Module/Install/Include.pm
Locale-Maketext-Lexicon-0.65/inc/Module/Install/Makefile.pm
Locale-Maketext-Lexicon-0.65/inc/Module/Install/Metadata.pm
Locale-Maketext-Lexicon-0.65/inc/Module/Install/Scripts.pm
Locale-Maketext-Lexicon-0.65/inc/Module/Install/Win32.pm
Locale-Maketext-Lexicon-0.65/inc/Module/Install/WriteAll.pm
Locale-Maketext-Lexicon-0.65/inc/Module/Install.pm
Locale-Maketext-Lexicon-0.65/inc/Test/
Locale-Maketext-Lexicon-0.65/inc/Test/Builder/
Locale-Maketext-Lexicon-0.65/inc/Test/Builder/Module.pm
Locale-Maketext-Lexicon-0.65/inc/Test/Builder.pm
Locale-Maketext-Lexicon-0.65/inc/Test/More.pm
Locale-Maketext-Lexicon-0.65/lib/
Locale-Maketext-Lexicon-0.65/lib/Locale/
Locale-Maketext-Lexicon-0.65/lib/Locale/Maketext/
Locale-Maketext-Lexicon-0.65/lib/Locale/Maketext/Extract/
Locale-Maketext-Lexicon-0.65/lib/Locale/Maketext/Extract/Run.pm
Locale-Maketext-Lexicon-0.65/lib/Locale/Maketext/Extract.pm
Locale-Maketext-Lexicon-0.65/lib/Locale/Maketext/Lexicon/
Locale-Maketext-Lexicon-0.65/lib/Locale/Maketext/Lexicon/Auto.pm
Locale-Maketext-Lexicon-0.65/lib/Locale/Maketext/Lexicon/Gettext.pm
Locale-Maketext-Lexicon-0.65/lib/Locale/Maketext/Lexicon/Msgcat.pm
Locale-Maketext-Lexicon-0.65/lib/Locale/Maketext/Lexicon/Tie.pm
Locale-Maketext-Lexicon-0.65/lib/Locale/Maketext/Lexicon.pm
Locale-Maketext-Lexicon-0.65/Makefile.PL
Locale-Maketext-Lexicon-0.65/MANIFEST
Locale-Maketext-Lexicon-0.65/META.yml
Locale-Maketext-Lexicon-0.65/README
Locale-Maketext-Lexicon-0.65/script/
Locale-Maketext-Lexicon-0.65/script/xgettext.pl
Locale-Maketext-Lexicon-0.65/SIGNATURE
Locale-Maketext-Lexicon-0.65/t/
Locale-Maketext-Lexicon-0.65/t/1-basic.t
Locale-Maketext-Lexicon-0.65/t/2-lmg.t
Locale-Maketext-Lexicon-0.65/t/3-big-endian.t
Locale-Maketext-Lexicon-0.65/t/4-encodings.t
Locale-Maketext-Lexicon-0.65/t/5-extract.t
Locale-Maketext-Lexicon-0.65/t/6-gettext.t
Locale-Maketext-Lexicon-0.65/t/99-bug-import-for-subclasses.t
Locale-Maketext-Lexicon-0.65/t/gencat.m
Locale-Maketext-Lexicon-0.65/t/locale/
Locale-Maketext-Lexicon-0.65/t/locale/en/
Locale-Maketext-Lexicon-0.65/t/locale/en/LC_MESSAGES/
Locale-Maketext-Lexicon-0.65/t/locale/en/LC_MESSAGES/test.mo
Locale-Maketext-Lexicon-0.65/t/locale/en/LC_MESSAGES/test_be.mo
Locale-Maketext-Lexicon-0.65/t/locale/en/LC_MESSAGES/test_utf8.mo
Locale-Maketext-Lexicon-0.65/t/locale/zh_CN/
Locale-Maketext-Lexicon-0.65/t/locale/zh_CN/LC_MESSAGES/
Locale-Maketext-Lexicon-0.65/t/locale/zh_CN/LC_MESSAGES/test.mo
Locale-Maketext-Lexicon-0.65/t/locale/zh_CN/LC_MESSAGES/test_be.mo
Locale-Maketext-Lexicon-0.65/t/locale/zh_CN/LC_MESSAGES/test_utf8.mo
Locale-Maketext-Lexicon-0.65/t/locale/zh_TW/
Locale-Maketext-Lexicon-0.65/t/locale/zh_TW/LC_MESSAGES/
Locale-Maketext-Lexicon-0.65/t/locale/zh_TW/LC_MESSAGES/test.mo
Locale-Maketext-Lexicon-0.65/t/locale/zh_TW/LC_MESSAGES/test_be.mo
Locale-Maketext-Lexicon-0.65/t/locale/zh_TW/LC_MESSAGES/test_utf8.mo
Locale-Maketext-Lexicon-0.65/t/messages.mo
Locale-Maketext-Lexicon-0.65/t/messages.po
Locale-Maketext-Lexicon-0.65/t/T_L10N.pm
2008/02/11 22:26:31 INFO> Util.pm:52 Shipwright::Util::run - run cmd:
tar xfz /var/folders/fn/fnQpv1CVF1OQBIYiaE+cQE+++TI/-Tmp-/FmU45m35eS/sources/authors/id/A/AU/AUDREYT/Locale-Maketext-Lexicon-0.65.tar.gz -C /var/folders/fn/fnQpv1CVF1OQBIYiaE+cQE+++TI/-Tmp-/Zxk3VcX6mX
2008/02/11 22:26:31 INFO> Util.pm:52 Shipwright::Util::run - run cmd:
mv /var/folders/fn/fnQpv1CVF1OQBIYiaE+cQE+++TI/-Tmp-/Zxk3VcX6mX/Locale-Maketext-Lexicon-0.65 /var/folders/fn/fnQpv1CVF1OQBIYiaE+cQE+++TI/-Tmp-/Zxk3VcX6mX/cpan-Locale-Maketext-Lexicon
2008/02/11 22:26:31 INFO> Util.pm:52 Shipwright::Util::run - run cmd:
perl Makefile.PL
2008/02/11 22:26:31 INFO> Util.pm:54 Shipwright::Util::run - run output:
Checking if your kit is complete...
Looks good
Writing Makefile for Locale::Maketext::Lexicon
2008/02/11 22:26:31 INFO> Util.pm:52 Shipwright::Util::run - run cmd:
rm Makefile
2008/02/11 22:26:31 INFO> Util.pm:52 Shipwright::Util::run - run cmd:
svk info //__shipwright/hello/dists/cpan-Locale-Maketext-Lexicon
2008/02/11 22:26:32 INFO> Util.pm:54 Shipwright::Util::run - run output:
Path //__shipwright/hello/dists/cpan-Locale-Maketext-Lexicon does not exist.
2008/02/11 22:26:32 ERROR> Util.pm:58 Shipwright::Util::run - failed to run svk info //__shipwright/hello/dists/cpan-Locale-Maketext-Lexicon with exit number 256
2008/02/11 22:26:32 INFO> Util.pm:52 Shipwright::Util::run - run cmd:
svk info //__shipwright/hello/dists/cpan-Locale-Maketext-Lexicon
2008/02/11 22:26:32 INFO> Util.pm:54 Shipwright::Util::run - run output:
Path //__shipwright/hello/dists/cpan-Locale-Maketext-Lexicon does not exist.
2008/02/11 22:26:32 ERROR> Util.pm:58 Shipwright::Util::run - failed to run svk info //__shipwright/hello/dists/cpan-Locale-Maketext-Lexicon with exit number 256
2008/02/11 22:26:32 INFO> SVK.pm:128 Shipwright::Backend::SVK::import - import /var/folders/fn/fnQpv1CVF1OQBIYiaE+cQE+++TI/-Tmp-/Zxk3VcX6mX/cpan-Locale-Maketext-Lexicon to //__shipwright/hello
2008/02/11 22:26:32 INFO> Util.pm:52 Shipwright::Util::run - run cmd:
svk cat //__shipwright/hello/shipwright/order.yml
2008/02/11 22:26:33 INFO> SVK.pm:285 Shipwright::Backend::SVK::_add_to_order - add cpan-Locale-Maketext-Lexicon to order for //__shipwright/hello
2008/02/11 22:26:33 INFO> SVK.pm:168 Shipwright::Backend::SVK::checkout - export //__shipwright/hello//shipwright/order.yml to /var/folders/fn/fnQpv1CVF1OQBIYiaE+cQE+++TI/-Tmp-/xXghjCC_HU/order.yml
2008/02/11 22:26:33 INFO> Util.pm:52 Shipwright::Util::run - run cmd:
svk checkout //__shipwright/hello/shipwright/order.yml /var/folders/fn/fnQpv1CVF1OQBIYiaE+cQE+++TI/-Tmp-/xXghjCC_HU/order.yml
2008/02/11 22:26:34 INFO> Util.pm:54 Shipwright::Util::run - run output:
Syncing //__shipwright/hello/shipwright/order.yml(/__shipwright/hello/shipwright/order.yml) in /private/var/folders/fn/fnQpv1CVF1OQBIYiaE+cQE+++TI/-Tmp-/xXghjCC_HU/order.yml to 79517.
A   /var/folders/fn/fnQpv1CVF1OQBIYiaE+cQE+++TI/-Tmp-/xXghjCC_HU/order.yml
2008/02/11 22:26:34 INFO> SVK.pm:182 Shipwright::Backend::SVK::commit - commit /var/folders/fn/fnQpv1CVF1OQBIYiaE+cQE+++TI/-Tmp-/xXghjCC_HU/order.yml
2008/02/11 22:26:34 INFO> Util.pm:52 Shipwright::Util::run - run cmd:
svk commit -m 'set order' /var/folders/fn/fnQpv1CVF1OQBIYiaE+cQE+++TI/-Tmp-/xXghjCC_HU/order.yml
2008/02/11 22:26:35 INFO> Util.pm:54 Shipwright::Util::run - run output:
Committed revision 79518.
2008/02/11 22:26:35 INFO> SVK.pm:168 Shipwright::Backend::SVK::checkout - export //__shipwright/hello/ to /var/folders/fn/fnQpv1CVF1OQBIYiaE+cQE+++TI/-Tmp-/xXghjCC_HU/order.yml
2008/02/11 22:26:35 INFO> Util.pm:52 Shipwright::Util::run - run cmd:
svk checkout -d /var/folders/fn/fnQpv1CVF1OQBIYiaE+cQE+++TI/-Tmp-/xXghjCC_HU/order.yml
2008/02/11 22:26:35 INFO> Util.pm:54 Shipwright::Util::run - run output:
Checkout path '/private/var/folders/fn/fnQpv1CVF1OQBIYiaE+cQE+++TI/-Tmp-/xXghjCC_HU/order.yml' detached.
2008/02/11 22:26:35 INFO> Util.pm:52 Shipwright::Util::run - run cmd:
svk import /var/folders/fn/fnQpv1CVF1OQBIYiaE+cQE+++TI/-Tmp-/Zxk3VcX6mX/cpan-Locale-Maketext-Lexicon //__shipwright/hello/dists/cpan-Locale-Maketext-Lexicon -m 'deps for /var/folders/fn/fnQpv1CVF1OQBIYiaE+cQE+++TI/-Tmp-/Zxk3VcX6mX/cpan-Acme-Hello'
2008/02/11 22:26:36 INFO> Util.pm:54 Shipwright::Util::run - run output:
Committed revision 79519.
Import path //__shipwright/hello/dists/cpan-Locale-Maketext-Lexicon initialized.
Committed revision 79520.
Directory /private/var/folders/fn/fnQpv1CVF1OQBIYiaE+cQE+++TI/-Tmp-/Zxk3VcX6mX/cpan-Locale-Maketext-Lexicon imported to depotpath //__shipwright/hello/dists/cpan-Locale-Maketext-Lexicon as revision 79520.
2008/02/11 22:26:36 INFO> Util.pm:52 Shipwright::Util::run - run cmd:
svk info //__shipwright/hello/scripts/cpan-Locale-Maketext-Lexicon
2008/02/11 22:26:37 INFO> Util.pm:54 Shipwright::Util::run - run output:
Path //__shipwright/hello/scripts/cpan-Locale-Maketext-Lexicon does not exist.
2008/02/11 22:26:37 ERROR> Util.pm:58 Shipwright::Util::run - failed to run svk info //__shipwright/hello/scripts/cpan-Locale-Maketext-Lexicon with exit number 256
2008/02/11 22:26:37 INFO> Util.pm:52 Shipwright::Util::run - run cmd:
svk info //__shipwright/hello/scripts/cpan-Locale-Maketext-Lexicon
2008/02/11 22:26:37 INFO> Util.pm:54 Shipwright::Util::run - run output:
Path //__shipwright/hello/scripts/cpan-Locale-Maketext-Lexicon does not exist.
2008/02/11 22:26:37 ERROR> Util.pm:58 Shipwright::Util::run - failed to run svk info //__shipwright/hello/scripts/cpan-Locale-Maketext-Lexicon with exit number 256
2008/02/11 22:26:37 INFO> SVK.pm:114 Shipwright::Backend::SVK::import - import /var/folders/fn/fnQpv1CVF1OQBIYiaE+cQE+++TI/-Tmp-/Zxk3VcX6mX/cpan-Locale-Maketext-Lexicon's scripts to //__shipwright/hello
2008/02/11 22:26:37 INFO> Util.pm:52 Shipwright::Util::run - run cmd:
svk import /var/folders/fn/fnQpv1CVF1OQBIYiaE+cQE+++TI/-Tmp-/JphIVYiEU6 //__shipwright/hello/scripts/cpan-Locale-Maketext-Lexicon/ -m 'import scripts for/var/folders/fn/fnQpv1CVF1OQBIYiaE+cQE+++TI/-Tmp-/Zxk3VcX6mX/cpan-Locale-Maketext-Lexicon'
2008/02/11 22:26:38 INFO> Util.pm:54 Shipwright::Util::run - run output:
Committed revision 79521.
Import path //__shipwright/hello/scripts/cpan-Locale-Maketext-Lexicon initialized.
Committed revision 79522.
Directory /private/var/folders/fn/fnQpv1CVF1OQBIYiaE+cQE+++TI/-Tmp-/JphIVYiEU6 imported to depotpath //__shipwright/hello/scripts/cpan-Locale-Maketext-Lexicon as revision 79522.
2008/02/11 22:26:38 INFO> Util.pm:52 Shipwright::Util::run - run cmd:
svk info //__shipwright/hello/dists/cpan-Acme-Hello
2008/02/11 22:26:39 INFO> Util.pm:54 Shipwright::Util::run - run output:
Path //__shipwright/hello/dists/cpan-Acme-Hello does not exist.
2008/02/11 22:26:39 ERROR> Util.pm:58 Shipwright::Util::run - failed to run svk info //__shipwright/hello/dists/cpan-Acme-Hello with exit number 256
2008/02/11 22:26:39 INFO> Util.pm:52 Shipwright::Util::run - run cmd:
svk info //__shipwright/hello/dists/cpan-Acme-Hello
2008/02/11 22:26:40 INFO> Util.pm:54 Shipwright::Util::run - run output:
Path //__shipwright/hello/dists/cpan-Acme-Hello does not exist.
2008/02/11 22:26:40 ERROR> Util.pm:58 Shipwright::Util::run - failed to run svk info //__shipwright/hello/dists/cpan-Acme-Hello with exit number 256
2008/02/11 22:26:40 INFO> SVK.pm:128 Shipwright::Backend::SVK::import - import /var/folders/fn/fnQpv1CVF1OQBIYiaE+cQE+++TI/-Tmp-/Zxk3VcX6mX/cpan-Acme-Hello to //__shipwright/hello
2008/02/11 22:26:40 INFO> Util.pm:52 Shipwright::Util::run - run cmd:
svk cat //__shipwright/hello/shipwright/order.yml
2008/02/11 22:26:40 INFO> Util.pm:54 Shipwright::Util::run - run output:
--- 
- cpan-Locale-Maketext-Lexicon
2008/02/11 22:26:40 INFO> SVK.pm:285 Shipwright::Backend::SVK::_add_to_order - add cpan-Acme-Hello to order for //__shipwright/hello
2008/02/11 22:26:40 INFO> SVK.pm:168 Shipwright::Backend::SVK::checkout - export //__shipwright/hello//shipwright/order.yml to /var/folders/fn/fnQpv1CVF1OQBIYiaE+cQE+++TI/-Tmp-/pIFu1NCfYb/order.yml
2008/02/11 22:26:40 INFO> Util.pm:52 Shipwright::Util::run - run cmd:
svk checkout //__shipwright/hello/shipwright/order.yml /var/folders/fn/fnQpv1CVF1OQBIYiaE+cQE+++TI/-Tmp-/pIFu1NCfYb/order.yml
2008/02/11 22:26:41 INFO> Util.pm:54 Shipwright::Util::run - run output:
Syncing //__shipwright/hello/shipwright/order.yml(/__shipwright/hello/shipwright/order.yml) in /private/var/folders/fn/fnQpv1CVF1OQBIYiaE+cQE+++TI/-Tmp-/pIFu1NCfYb/order.yml to 79522.
A   /var/folders/fn/fnQpv1CVF1OQBIYiaE+cQE+++TI/-Tmp-/pIFu1NCfYb/order.yml
2008/02/11 22:26:41 INFO> SVK.pm:182 Shipwright::Backend::SVK::commit - commit /var/folders/fn/fnQpv1CVF1OQBIYiaE+cQE+++TI/-Tmp-/pIFu1NCfYb/order.yml
2008/02/11 22:26:41 INFO> Util.pm:52 Shipwright::Util::run - run cmd:
svk commit -m 'set order' /var/folders/fn/fnQpv1CVF1OQBIYiaE+cQE+++TI/-Tmp-/pIFu1NCfYb/order.yml
2008/02/11 22:26:42 INFO> Util.pm:54 Shipwright::Util::run - run output:
Committed revision 79523.
2008/02/11 22:26:42 INFO> SVK.pm:168 Shipwright::Backend::SVK::checkout - export //__shipwright/hello/ to /var/folders/fn/fnQpv1CVF1OQBIYiaE+cQE+++TI/-Tmp-/pIFu1NCfYb/order.yml
2008/02/11 22:26:42 INFO> Util.pm:52 Shipwright::Util::run - run cmd:
svk checkout -d /var/folders/fn/fnQpv1CVF1OQBIYiaE+cQE+++TI/-Tmp-/pIFu1NCfYb/order.yml
2008/02/11 22:26:42 INFO> Util.pm:54 Shipwright::Util::run - run output:
Checkout path '/private/var/folders/fn/fnQpv1CVF1OQBIYiaE+cQE+++TI/-Tmp-/pIFu1NCfYb/order.yml' detached.
2008/02/11 22:26:42 INFO> Util.pm:52 Shipwright::Util::run - run cmd:
svk import /var/folders/fn/fnQpv1CVF1OQBIYiaE+cQE+++TI/-Tmp-/Zxk3VcX6mX/cpan-Acme-Hello //__shipwright/hello/dists/cpan-Acme-Hello -m 'import /var/folders/fn/fnQpv1CVF1OQBIYiaE+cQE+++TI/-Tmp-/Zxk3VcX6mX/cpan-Acme-Hello'
2008/02/11 22:26:43 INFO> Util.pm:54 Shipwright::Util::run - run output:
Committed revision 79524.
Import path //__shipwright/hello/dists/cpan-Acme-Hello initialized.
Committed revision 79525.
Directory /private/var/folders/fn/fnQpv1CVF1OQBIYiaE+cQE+++TI/-Tmp-/Zxk3VcX6mX/cpan-Acme-Hello imported to depotpath //__shipwright/hello/dists/cpan-Acme-Hello as revision 79525.
2008/02/11 22:26:43 INFO> Util.pm:52 Shipwright::Util::run - run cmd:
svk info //__shipwright/hello/scripts/cpan-Acme-Hello
2008/02/11 22:26:44 INFO> Util.pm:54 Shipwright::Util::run - run output:
Path //__shipwright/hello/scripts/cpan-Acme-Hello does not exist.
2008/02/11 22:26:44 ERROR> Util.pm:58 Shipwright::Util::run - failed to run svk info //__shipwright/hello/scripts/cpan-Acme-Hello with exit number 256
2008/02/11 22:26:44 INFO> Util.pm:52 Shipwright::Util::run - run cmd:
svk info //__shipwright/hello/scripts/cpan-Acme-Hello
2008/02/11 22:26:45 INFO> Util.pm:54 Shipwright::Util::run - run output:
Path //__shipwright/hello/scripts/cpan-Acme-Hello does not exist.
2008/02/11 22:26:45 ERROR> Util.pm:58 Shipwright::Util::run - failed to run svk info //__shipwright/hello/scripts/cpan-Acme-Hello with exit number 256
2008/02/11 22:26:45 INFO> SVK.pm:114 Shipwright::Backend::SVK::import - import /var/folders/fn/fnQpv1CVF1OQBIYiaE+cQE+++TI/-Tmp-/Zxk3VcX6mX/cpan-Acme-Hello's scripts to //__shipwright/hello
2008/02/11 22:26:45 INFO> Util.pm:52 Shipwright::Util::run - run cmd:
svk import /var/folders/fn/fnQpv1CVF1OQBIYiaE+cQE+++TI/-Tmp-/meHlGDIk0k //__shipwright/hello/scripts/cpan-Acme-Hello/ -m 'import scripts for/var/folders/fn/fnQpv1CVF1OQBIYiaE+cQE+++TI/-Tmp-/Zxk3VcX6mX/cpan-Acme-Hello'
2008/02/11 22:26:46 INFO> Util.pm:54 Shipwright::Util::run - run output:
Committed revision 79526.
Import path //__shipwright/hello/scripts/cpan-Acme-Hello initialized.
Committed revision 79527.
Directory /private/var/folders/fn/fnQpv1CVF1OQBIYiaE+cQE+++TI/-Tmp-/meHlGDIk0k imported to depotpath //__shipwright/hello/scripts/cpan-Acme-Hello as revision 79527.
2008/02/11 22:26:46 INFO> Util.pm:52 Shipwright::Util::run - run cmd:
svk cat //__shipwright/hello/shipwright/map.yml
2008/02/11 22:26:46 INFO> SVK.pm:168 Shipwright::Backend::SVK::checkout - export //__shipwright/hello//shipwright/map.yml to /var/folders/fn/fnQpv1CVF1OQBIYiaE+cQE+++TI/-Tmp-/4jLzz59yqK/map.yml
2008/02/11 22:26:46 INFO> Util.pm:52 Shipwright::Util::run - run cmd:
svk checkout //__shipwright/hello/shipwright/map.yml /var/folders/fn/fnQpv1CVF1OQBIYiaE+cQE+++TI/-Tmp-/4jLzz59yqK/map.yml
2008/02/11 22:26:47 INFO> Util.pm:54 Shipwright::Util::run - run output:
Syncing //__shipwright/hello/shipwright/map.yml(/__shipwright/hello/shipwright/map.yml) in /private/var/folders/fn/fnQpv1CVF1OQBIYiaE+cQE+++TI/-Tmp-/4jLzz59yqK/map.yml to 79527.
A   /var/folders/fn/fnQpv1CVF1OQBIYiaE+cQE+++TI/-Tmp-/4jLzz59yqK/map.yml
2008/02/11 22:26:47 INFO> SVK.pm:182 Shipwright::Backend::SVK::commit - commit /var/folders/fn/fnQpv1CVF1OQBIYiaE+cQE+++TI/-Tmp-/4jLzz59yqK/map.yml
2008/02/11 22:26:47 INFO> Util.pm:52 Shipwright::Util::run - run cmd:
svk commit -m 'set map' /var/folders/fn/fnQpv1CVF1OQBIYiaE+cQE+++TI/-Tmp-/4jLzz59yqK/map.yml
2008/02/11 22:26:48 INFO> Util.pm:54 Shipwright::Util::run - run output:
Committed revision 79528.
2008/02/11 22:26:48 INFO> SVK.pm:168 Shipwright::Backend::SVK::checkout - export //__shipwright/hello/ to /var/folders/fn/fnQpv1CVF1OQBIYiaE+cQE+++TI/-Tmp-/4jLzz59yqK/map.yml
2008/02/11 22:26:48 INFO> Util.pm:52 Shipwright::Util::run - run cmd:
svk checkout -d /var/folders/fn/fnQpv1CVF1OQBIYiaE+cQE+++TI/-Tmp-/4jLzz59yqK/map.yml
2008/02/11 22:26:48 INFO> Util.pm:54 Shipwright::Util::run - run output:
Checkout path '/private/var/folders/fn/fnQpv1CVF1OQBIYiaE+cQE+++TI/-Tmp-/4jLzz59yqK/map.yml' detached.
2008/02/11 22:26:48 INFO> Util.pm:52 Shipwright::Util::run - run cmd:
svk cat //__shipwright/hello/shipwright/source.yml
2008/02/11 22:26:49 INFO> SVK.pm:168 Shipwright::Backend::SVK::checkout - export //__shipwright/hello//shipwright/source.yml to /var/folders/fn/fnQpv1CVF1OQBIYiaE+cQE+++TI/-Tmp-/zeaFCeo9no/source.yml
2008/02/11 22:26:49 INFO> Util.pm:52 Shipwright::Util::run - run cmd:
svk checkout //__shipwright/hello/shipwright/source.yml /var/folders/fn/fnQpv1CVF1OQBIYiaE+cQE+++TI/-Tmp-/zeaFCeo9no/source.yml
2008/02/11 22:26:50 INFO> Util.pm:54 Shipwright::Util::run - run output:
Syncing //__shipwright/hello/shipwright/source.yml(/__shipwright/hello/shipwright/source.yml) in /private/var/folders/fn/fnQpv1CVF1OQBIYiaE+cQE+++TI/-Tmp-/zeaFCeo9no/source.yml to 79528.
A   /var/folders/fn/fnQpv1CVF1OQBIYiaE+cQE+++TI/-Tmp-/zeaFCeo9no/source.yml
2008/02/11 22:26:50 INFO> SVK.pm:182 Shipwright::Backend::SVK::commit - commit /var/folders/fn/fnQpv1CVF1OQBIYiaE+cQE+++TI/-Tmp-/zeaFCeo9no/source.yml
2008/02/11 22:26:50 INFO> Util.pm:52 Shipwright::Util::run - run cmd:
svk commit -m 'set source' /var/folders/fn/fnQpv1CVF1OQBIYiaE+cQE+++TI/-Tmp-/zeaFCeo9no/source.yml
2008/02/11 22:26:51 INFO> Util.pm:54 Shipwright::Util::run - run output:
Committed revision 79529.
2008/02/11 22:26:51 INFO> SVK.pm:168 Shipwright::Backend::SVK::checkout - export //__shipwright/hello/ to /var/folders/fn/fnQpv1CVF1OQBIYiaE+cQE+++TI/-Tmp-/zeaFCeo9no/source.yml
2008/02/11 22:26:51 INFO> Util.pm:52 Shipwright::Util::run - run cmd:
svk checkout -d /var/folders/fn/fnQpv1CVF1OQBIYiaE+cQE+++TI/-Tmp-/zeaFCeo9no/source.yml
2008/02/11 22:26:51 INFO> Util.pm:54 Shipwright::Util::run - run output:
Checkout path '/private/var/folders/fn/fnQpv1CVF1OQBIYiaE+cQE+++TI/-Tmp-/zeaFCeo9no/source.yml' detached.

3. build

2008/02/11 22:33:04 INFO> SVK.pm:151 Shipwright::Backend::SVK::export - export //__shipwright/hello/ to /var/folders/fn/fnQpv1CVF1OQBIYiaE+cQE+++TI/-Tmp-/YwfaGgdVGX/build
2008/02/11 22:33:04 INFO> Util.pm:52 Shipwright::Util::run - run cmd:
svk checkout //__shipwright/hello /var/folders/fn/fnQpv1CVF1OQBIYiaE+cQE+++TI/-Tmp-/YwfaGgdVGX/build
2008/02/11 22:33:08 INFO> Util.pm:54 Shipwright::Util::run - run output:
Syncing //__shipwright/hello(/__shipwright/hello) in /private/var/folders/fn/fnQpv1CVF1OQBIYiaE+cQE+++TI/-Tmp-/YwfaGgdVGX/build to 79529.
A   /var/folders/fn/fnQpv1CVF1OQBIYiaE+cQE+++TI/-Tmp-/YwfaGgdVGX/build/t
A   /var/folders/fn/fnQpv1CVF1OQBIYiaE+cQE+++TI/-Tmp-/YwfaGgdVGX/build/t/test
A   /var/folders/fn/fnQpv1CVF1OQBIYiaE+cQE+++TI/-Tmp-/YwfaGgdVGX/build/dists
A   /var/folders/fn/fnQpv1CVF1OQBIYiaE+cQE+++TI/-Tmp-/YwfaGgdVGX/build/dists/cpan-Acme-Hello
A   /var/folders/fn/fnQpv1CVF1OQBIYiaE+cQE+++TI/-Tmp-/YwfaGgdVGX/build/dists/cpan-Acme-Hello/SIGNATURE
A   /var/folders/fn/fnQpv1CVF1OQBIYiaE+cQE+++TI/-Tmp-/YwfaGgdVGX/build/dists/cpan-Acme-Hello/t
A   /var/folders/fn/fnQpv1CVF1OQBIYiaE+cQE+++TI/-Tmp-/YwfaGgdVGX/build/dists/cpan-Acme-Hello/t/0-signature.t
A   /var/folders/fn/fnQpv1CVF1OQBIYiaE+cQE+++TI/-Tmp-/YwfaGgdVGX/build/dists/cpan-Acme-Hello/t/1-basic.t
A   /var/folders/fn/fnQpv1CVF1OQBIYiaE+cQE+++TI/-Tmp-/YwfaGgdVGX/build/dists/cpan-Acme-Hello/INSTALL
A   /var/folders/fn/fnQpv1CVF1OQBIYiaE+cQE+++TI/-Tmp-/YwfaGgdVGX/build/dists/cpan-Acme-Hello/MANIFEST
A   /var/folders/fn/fnQpv1CVF1OQBIYiaE+cQE+++TI/-Tmp-/YwfaGgdVGX/build/dists/cpan-Acme-Hello/META.yml
A   /var/folders/fn/fnQpv1CVF1OQBIYiaE+cQE+++TI/-Tmp-/YwfaGgdVGX/build/dists/cpan-Acme-Hello/lib
A   /var/folders/fn/fnQpv1CVF1OQBIYiaE+cQE+++TI/-Tmp-/YwfaGgdVGX/build/dists/cpan-Acme-Hello/lib/Acme
A   /var/folders/fn/fnQpv1CVF1OQBIYiaE+cQE+++TI/-Tmp-/YwfaGgdVGX/build/dists/cpan-Acme-Hello/lib/Acme/Hello
A   /var/folders/fn/fnQpv1CVF1OQBIYiaE+cQE+++TI/-Tmp-/YwfaGgdVGX/build/dists/cpan-Acme-Hello/lib/Acme/Hello/I18N
A   /var/folders/fn/fnQpv1CVF1OQBIYiaE+cQE+++TI/-Tmp-/YwfaGgdVGX/build/dists/cpan-Acme-Hello/lib/Acme/Hello/I18N/eo.po
A   /var/folders/fn/fnQpv1CVF1OQBIYiaE+cQE+++TI/-Tmp-/YwfaGgdVGX/build/dists/cpan-Acme-Hello/lib/Acme/Hello/I18N/pt_BR.po
A   /var/folders/fn/fnQpv1CVF1OQBIYiaE+cQE+++TI/-Tmp-/YwfaGgdVGX/build/dists/cpan-Acme-Hello/lib/Acme/Hello/I18N/es.po
A   /var/folders/fn/fnQpv1CVF1OQBIYiaE+cQE+++TI/-Tmp-/YwfaGgdVGX/build/dists/cpan-Acme-Hello/lib/Acme/Hello/I18N/ko.po
A   /var/folders/fn/fnQpv1CVF1OQBIYiaE+cQE+++TI/-Tmp-/YwfaGgdVGX/build/dists/cpan-Acme-Hello/lib/Acme/Hello/I18N/hu.po
A   /var/folders/fn/fnQpv1CVF1OQBIYiaE+cQE+++TI/-Tmp-/YwfaGgdVGX/build/dists/cpan-Acme-Hello/lib/Acme/Hello/I18N/sk.po
A   /var/folders/fn/fnQpv1CVF1OQBIYiaE+cQE+++TI/-Tmp-/YwfaGgdVGX/build/dists/cpan-Acme-Hello/lib/Acme/Hello/I18N/uk.po
A   /var/folders/fn/fnQpv1CVF1OQBIYiaE+cQE+++TI/-Tmp-/YwfaGgdVGX/build/dists/cpan-Acme-Hello/lib/Acme/Hello/I18N/ru.po
A   /var/folders/fn/fnQpv1CVF1OQBIYiaE+cQE+++TI/-Tmp-/YwfaGgdVGX/build/dists/cpan-Acme-Hello/lib/Acme/Hello/I18N/id.po
A   /var/folders/fn/fnQpv1CVF1OQBIYiaE+cQE+++TI/-Tmp-/YwfaGgdVGX/build/dists/cpan-Acme-Hello/lib/Acme/Hello/I18N/nb.po
A   /var/folders/fn/fnQpv1CVF1OQBIYiaE+cQE+++TI/-Tmp-/YwfaGgdVGX/build/dists/cpan-Acme-Hello/lib/Acme/Hello/I18N/el.po
A   /var/folders/fn/fnQpv1CVF1OQBIYiaE+cQE+++TI/-Tmp-/YwfaGgdVGX/build/dists/cpan-Acme-Hello/lib/Acme/Hello/I18N/en.po
A   /var/folders/fn/fnQpv1CVF1OQBIYiaE+cQE+++TI/-Tmp-/YwfaGgdVGX/build/dists/cpan-Acme-Hello/lib/Acme/Hello/I18N/gl.po
A   /var/folders/fn/fnQpv1CVF1OQBIYiaE+cQE+++TI/-Tmp-/YwfaGgdVGX/build/dists/cpan-Acme-Hello/lib/Acme/Hello/I18N/fr.po
A   /var/folders/fn/fnQpv1CVF1OQBIYiaE+cQE+++TI/-Tmp-/YwfaGgdVGX/build/dists/cpan-Acme-Hello/lib/Acme/Hello/I18N/et.po
A   /var/folders/fn/fnQpv1CVF1OQBIYiaE+cQE+++TI/-Tmp-/YwfaGgdVGX/build/dists/cpan-Acme-Hello/lib/Acme/Hello/I18N/nl.po
A   /var/folders/fn/fnQpv1CVF1OQBIYiaE+cQE+++TI/-Tmp-/YwfaGgdVGX/build/dists/cpan-Acme-Hello/lib/Acme/Hello/I18N/hr.po
A   /var/folders/fn/fnQpv1CVF1OQBIYiaE+cQE+++TI/-Tmp-/YwfaGgdVGX/build/dists/cpan-Acme-Hello/lib/Acme/Hello/I18N/pl.po
A   /var/folders/fn/fnQpv1CVF1OQBIYiaE+cQE+++TI/-Tmp-/YwfaGgdVGX/build/dists/cpan-Acme-Hello/lib/Acme/Hello/I18N/nn.po
A   /var/folders/fn/fnQpv1CVF1OQBIYiaE+cQE+++TI/-Tmp-/YwfaGgdVGX/build/dists/cpan-Acme-Hello/lib/Acme/Hello/I18N/it.po
A   /var/folders/fn/fnQpv1CVF1OQBIYiaE+cQE+++TI/-Tmp-/YwfaGgdVGX/build/dists/cpan-Acme-Hello/lib/Acme/Hello/I18N/sl.po
A   /var/folders/fn/fnQpv1CVF1OQBIYiaE+cQE+++TI/-Tmp-/YwfaGgdVGX/build/dists/cpan-Acme-Hello/lib/Acme/Hello/I18N/lv.po
A   /var/folders/fn/fnQpv1CVF1OQBIYiaE+cQE+++TI/-Tmp-/YwfaGgdVGX/build/dists/cpan-Acme-Hello/lib/Acme/Hello/I18N/pt.po
A   /var/folders/fn/fnQpv1CVF1OQBIYiaE+cQE+++TI/-Tmp-/YwfaGgdVGX/build/dists/cpan-Acme-Hello/lib/Acme/Hello/I18N/ca.po
A   /var/folders/fn/fnQpv1CVF1OQBIYiaE+cQE+++TI/-Tmp-/YwfaGgdVGX/build/dists/cpan-Acme-Hello/lib/Acme/Hello/I18N/da.po
A   /var/folders/fn/fnQpv1CVF1OQBIYiaE+cQE+++TI/-Tmp-/YwfaGgdVGX/build/dists/cpan-Acme-Hello/lib/Acme/Hello/I18N/tr.po
A   /var/folders/fn/fnQpv1CVF1OQBIYiaE+cQE+++TI/-Tmp-/YwfaGgdVGX/build/dists/cpan-Acme-Hello/lib/Acme/Hello/I18N/sv.po
A   /var/folders/fn/fnQpv1CVF1OQBIYiaE+cQE+++TI/-Tmp-/YwfaGgdVGX/build/dists/cpan-Acme-Hello/lib/Acme/Hello/I18N/de.po
A   /var/folders/fn/fnQpv1CVF1OQBIYiaE+cQE+++TI/-Tmp-/YwfaGgdVGX/build/dists/cpan-Acme-Hello/lib/Acme/Hello/I18N/ja.po
A   /var/folders/fn/fnQpv1CVF1OQBIYiaE+cQE+++TI/-Tmp-/YwfaGgdVGX/build/dists/cpan-Acme-Hello/lib/Acme/Hello/I18N/zh_TW.po
A   /var/folders/fn/fnQpv1CVF1OQBIYiaE+cQE+++TI/-Tmp-/YwfaGgdVGX/build/dists/cpan-Acme-Hello/lib/Acme/Hello/I18N/he.po
A   /var/folders/fn/fnQpv1CVF1OQBIYiaE+cQE+++TI/-Tmp-/YwfaGgdVGX/build/dists/cpan-Acme-Hello/lib/Acme/Hello/I18N/fi.po
A   /var/folders/fn/fnQpv1CVF1OQBIYiaE+cQE+++TI/-Tmp-/YwfaGgdVGX/build/dists/cpan-Acme-Hello/lib/Acme/Hello/I18N/de_DE.po
A   /var/folders/fn/fnQpv1CVF1OQBIYiaE+cQE+++TI/-Tmp-/YwfaGgdVGX/build/dists/cpan-Acme-Hello/lib/Acme/Hello/I18N/zh_CN.po
A   /var/folders/fn/fnQpv1CVF1OQBIYiaE+cQE+++TI/-Tmp-/YwfaGgdVGX/build/dists/cpan-Acme-Hello/lib/Acme/Hello/I18N.pm
A   /var/folders/fn/fnQpv1CVF1OQBIYiaE+cQE+++TI/-Tmp-/YwfaGgdVGX/build/dists/cpan-Acme-Hello/lib/Acme/Hello.pm
A   /var/folders/fn/fnQpv1CVF1OQBIYiaE+cQE+++TI/-Tmp-/YwfaGgdVGX/build/dists/cpan-Acme-Hello/Makefile.PL
A   /var/folders/fn/fnQpv1CVF1OQBIYiaE+cQE+++TI/-Tmp-/YwfaGgdVGX/build/dists/cpan-Acme-Hello/Changes
A   /var/folders/fn/fnQpv1CVF1OQBIYiaE+cQE+++TI/-Tmp-/YwfaGgdVGX/build/dists/cpan-Acme-Hello/Build.PL
A   /var/folders/fn/fnQpv1CVF1OQBIYiaE+cQE+++TI/-Tmp-/YwfaGgdVGX/build/dists/cpan-Acme-Hello/inc
A   /var/folders/fn/fnQpv1CVF1OQBIYiaE+cQE+++TI/-Tmp-/YwfaGgdVGX/build/dists/cpan-Acme-Hello/inc/Build.pm
A   /var/folders/fn/fnQpv1CVF1OQBIYiaE+cQE+++TI/-Tmp-/YwfaGgdVGX/build/dists/cpan-Acme-Hello/MANIFEST.SKIP
A   /var/folders/fn/fnQpv1CVF1OQBIYiaE+cQE+++TI/-Tmp-/YwfaGgdVGX/build/dists/cpan-Acme-Hello/README
A   /var/folders/fn/fnQpv1CVF1OQBIYiaE+cQE+++TI/-Tmp-/YwfaGgdVGX/build/dists/cpan-Locale-Maketext-Lexicon
A   /var/folders/fn/fnQpv1CVF1OQBIYiaE+cQE+++TI/-Tmp-/YwfaGgdVGX/build/dists/cpan-Locale-Maketext-Lexicon/SIGNATURE
A   /var/folders/fn/fnQpv1CVF1OQBIYiaE+cQE+++TI/-Tmp-/YwfaGgdVGX/build/dists/cpan-Locale-Maketext-Lexicon/t
A   /var/folders/fn/fnQpv1CVF1OQBIYiaE+cQE+++TI/-Tmp-/YwfaGgdVGX/build/dists/cpan-Locale-Maketext-Lexicon/t/3-big-endian.t
A   /var/folders/fn/fnQpv1CVF1OQBIYiaE+cQE+++TI/-Tmp-/YwfaGgdVGX/build/dists/cpan-Locale-Maketext-Lexicon/t/99-bug-import-for-subclasses.t
A   /var/folders/fn/fnQpv1CVF1OQBIYiaE+cQE+++TI/-Tmp-/YwfaGgdVGX/build/dists/cpan-Locale-Maketext-Lexicon/t/locale
A   /var/folders/fn/fnQpv1CVF1OQBIYiaE+cQE+++TI/-Tmp-/YwfaGgdVGX/build/dists/cpan-Locale-Maketext-Lexicon/t/locale/zh_CN
A   /var/folders/fn/fnQpv1CVF1OQBIYiaE+cQE+++TI/-Tmp-/YwfaGgdVGX/build/dists/cpan-Locale-Maketext-Lexicon/t/locale/zh_CN/LC_MESSAGES
A   /var/folders/fn/fnQpv1CVF1OQBIYiaE+cQE+++TI/-Tmp-/YwfaGgdVGX/build/dists/cpan-Locale-Maketext-Lexicon/t/locale/zh_CN/LC_MESSAGES/test_be.mo
A   /var/folders/fn/fnQpv1CVF1OQBIYiaE+cQE+++TI/-Tmp-/YwfaGgdVGX/build/dists/cpan-Locale-Maketext-Lexicon/t/locale/zh_CN/LC_MESSAGES/test_utf8.mo
A   /var/folders/fn/fnQpv1CVF1OQBIYiaE+cQE+++TI/-Tmp-/YwfaGgdVGX/build/dists/cpan-Locale-Maketext-Lexicon/t/locale/zh_CN/LC_MESSAGES/test.mo
A   /var/folders/fn/fnQpv1CVF1OQBIYiaE+cQE+++TI/-Tmp-/YwfaGgdVGX/build/dists/cpan-Locale-Maketext-Lexicon/t/locale/en
A   /var/folders/fn/fnQpv1CVF1OQBIYiaE+cQE+++TI/-Tmp-/YwfaGgdVGX/build/dists/cpan-Locale-Maketext-Lexicon/t/locale/en/LC_MESSAGES
A   /var/folders/fn/fnQpv1CVF1OQBIYiaE+cQE+++TI/-Tmp-/YwfaGgdVGX/build/dists/cpan-Locale-Maketext-Lexicon/t/locale/en/LC_MESSAGES/test_be.mo
A   /var/folders/fn/fnQpv1CVF1OQBIYiaE+cQE+++TI/-Tmp-/YwfaGgdVGX/build/dists/cpan-Locale-Maketext-Lexicon/t/locale/en/LC_MESSAGES/test_utf8.mo
A   /var/folders/fn/fnQpv1CVF1OQBIYiaE+cQE+++TI/-Tmp-/YwfaGgdVGX/build/dists/cpan-Locale-Maketext-Lexicon/t/locale/en/LC_MESSAGES/test.mo
A   /var/folders/fn/fnQpv1CVF1OQBIYiaE+cQE+++TI/-Tmp-/YwfaGgdVGX/build/dists/cpan-Locale-Maketext-Lexicon/t/locale/zh_TW
A   /var/folders/fn/fnQpv1CVF1OQBIYiaE+cQE+++TI/-Tmp-/YwfaGgdVGX/build/dists/cpan-Locale-Maketext-Lexicon/t/locale/zh_TW/LC_MESSAGES
A   /var/folders/fn/fnQpv1CVF1OQBIYiaE+cQE+++TI/-Tmp-/YwfaGgdVGX/build/dists/cpan-Locale-Maketext-Lexicon/t/locale/zh_TW/LC_MESSAGES/test_be.mo
A   /var/folders/fn/fnQpv1CVF1OQBIYiaE+cQE+++TI/-Tmp-/YwfaGgdVGX/build/dists/cpan-Locale-Maketext-Lexicon/t/locale/zh_TW/LC_MESSAGES/test_utf8.mo
A   /var/folders/fn/fnQpv1CVF1OQBIYiaE+cQE+++TI/-Tmp-/YwfaGgdVGX/build/dists/cpan-Locale-Maketext-Lexicon/t/locale/zh_TW/LC_MESSAGES/test.mo
A   /var/folders/fn/fnQpv1CVF1OQBIYiaE+cQE+++TI/-Tmp-/YwfaGgdVGX/build/dists/cpan-Locale-Maketext-Lexicon/t/2-lmg.t
A   /var/folders/fn/fnQpv1CVF1OQBIYiaE+cQE+++TI/-Tmp-/YwfaGgdVGX/build/dists/cpan-Locale-Maketext-Lexicon/t/1-basic.t
A   /var/folders/fn/fnQpv1CVF1OQBIYiaE+cQE+++TI/-Tmp-/YwfaGgdVGX/build/dists/cpan-Locale-Maketext-Lexicon/t/messages.mo
A   /var/folders/fn/fnQpv1CVF1OQBIYiaE+cQE+++TI/-Tmp-/YwfaGgdVGX/build/dists/cpan-Locale-Maketext-Lexicon/t/messages.po
A   /var/folders/fn/fnQpv1CVF1OQBIYiaE+cQE+++TI/-Tmp-/YwfaGgdVGX/build/dists/cpan-Locale-Maketext-Lexicon/t/T_L10N.pm
A   /var/folders/fn/fnQpv1CVF1OQBIYiaE+cQE+++TI/-Tmp-/YwfaGgdVGX/build/dists/cpan-Locale-Maketext-Lexicon/t/6-gettext.t
A   /var/folders/fn/fnQpv1CVF1OQBIYiaE+cQE+++TI/-Tmp-/YwfaGgdVGX/build/dists/cpan-Locale-Maketext-Lexicon/t/4-encodings.t
A   /var/folders/fn/fnQpv1CVF1OQBIYiaE+cQE+++TI/-Tmp-/YwfaGgdVGX/build/dists/cpan-Locale-Maketext-Lexicon/t/gencat.m
A   /var/folders/fn/fnQpv1CVF1OQBIYiaE+cQE+++TI/-Tmp-/YwfaGgdVGX/build/dists/cpan-Locale-Maketext-Lexicon/t/5-extract.t
A   /var/folders/fn/fnQpv1CVF1OQBIYiaE+cQE+++TI/-Tmp-/YwfaGgdVGX/build/dists/cpan-Locale-Maketext-Lexicon/script
A   /var/folders/fn/fnQpv1CVF1OQBIYiaE+cQE+++TI/-Tmp-/YwfaGgdVGX/build/dists/cpan-Locale-Maketext-Lexicon/script/xgettext.pl
A   /var/folders/fn/fnQpv1CVF1OQBIYiaE+cQE+++TI/-Tmp-/YwfaGgdVGX/build/dists/cpan-Locale-Maketext-Lexicon/AUTHORS
A   /var/folders/fn/fnQpv1CVF1OQBIYiaE+cQE+++TI/-Tmp-/YwfaGgdVGX/build/dists/cpan-Locale-Maketext-Lexicon/MANIFEST
A   /var/folders/fn/fnQpv1CVF1OQBIYiaE+cQE+++TI/-Tmp-/YwfaGgdVGX/build/dists/cpan-Locale-Maketext-Lexicon/META.yml
A   /var/folders/fn/fnQpv1CVF1OQBIYiaE+cQE+++TI/-Tmp-/YwfaGgdVGX/build/dists/cpan-Locale-Maketext-Lexicon/lib
A   /var/folders/fn/fnQpv1CVF1OQBIYiaE+cQE+++TI/-Tmp-/YwfaGgdVGX/build/dists/cpan-Locale-Maketext-Lexicon/lib/Locale
A   /var/folders/fn/fnQpv1CVF1OQBIYiaE+cQE+++TI/-Tmp-/YwfaGgdVGX/build/dists/cpan-Locale-Maketext-Lexicon/lib/Locale/Maketext
A   /var/folders/fn/fnQpv1CVF1OQBIYiaE+cQE+++TI/-Tmp-/YwfaGgdVGX/build/dists/cpan-Locale-Maketext-Lexicon/lib/Locale/Maketext/Lexicon
A   /var/folders/fn/fnQpv1CVF1OQBIYiaE+cQE+++TI/-Tmp-/YwfaGgdVGX/build/dists/cpan-Locale-Maketext-Lexicon/lib/Locale/Maketext/Lexicon/Gettext.pm
A   /var/folders/fn/fnQpv1CVF1OQBIYiaE+cQE+++TI/-Tmp-/YwfaGgdVGX/build/dists/cpan-Locale-Maketext-Lexicon/lib/Locale/Maketext/Lexicon/Auto.pm
A   /var/folders/fn/fnQpv1CVF1OQBIYiaE+cQE+++TI/-Tmp-/YwfaGgdVGX/build/dists/cpan-Locale-Maketext-Lexicon/lib/Locale/Maketext/Lexicon/Msgcat.pm
A   /var/folders/fn/fnQpv1CVF1OQBIYiaE+cQE+++TI/-Tmp-/YwfaGgdVGX/build/dists/cpan-Locale-Maketext-Lexicon/lib/Locale/Maketext/Lexicon/Tie.pm
A   /var/folders/fn/fnQpv1CVF1OQBIYiaE+cQE+++TI/-Tmp-/YwfaGgdVGX/build/dists/cpan-Locale-Maketext-Lexicon/lib/Locale/Maketext/Extract.pm
A   /var/folders/fn/fnQpv1CVF1OQBIYiaE+cQE+++TI/-Tmp-/YwfaGgdVGX/build/dists/cpan-Locale-Maketext-Lexicon/lib/Locale/Maketext/Extract
A   /var/folders/fn/fnQpv1CVF1OQBIYiaE+cQE+++TI/-Tmp-/YwfaGgdVGX/build/dists/cpan-Locale-Maketext-Lexicon/lib/Locale/Maketext/Extract/Run.pm
A   /var/folders/fn/fnQpv1CVF1OQBIYiaE+cQE+++TI/-Tmp-/YwfaGgdVGX/build/dists/cpan-Locale-Maketext-Lexicon/lib/Locale/Maketext/Lexicon.pm
A   /var/folders/fn/fnQpv1CVF1OQBIYiaE+cQE+++TI/-Tmp-/YwfaGgdVGX/build/dists/cpan-Locale-Maketext-Lexicon/Makefile.PL
A   /var/folders/fn/fnQpv1CVF1OQBIYiaE+cQE+++TI/-Tmp-/YwfaGgdVGX/build/dists/cpan-Locale-Maketext-Lexicon/Changes
A   /var/folders/fn/fnQpv1CVF1OQBIYiaE+cQE+++TI/-Tmp-/YwfaGgdVGX/build/dists/cpan-Locale-Maketext-Lexicon/docs
A   /var/folders/fn/fnQpv1CVF1OQBIYiaE+cQE+++TI/-Tmp-/YwfaGgdVGX/build/dists/cpan-Locale-Maketext-Lexicon/docs/webl10n.zh-tw.html
A   /var/folders/fn/fnQpv1CVF1OQBIYiaE+cQE+++TI/-Tmp-/YwfaGgdVGX/build/dists/cpan-Locale-Maketext-Lexicon/docs/webl10n.html
A   /var/folders/fn/fnQpv1CVF1OQBIYiaE+cQE+++TI/-Tmp-/YwfaGgdVGX/build/dists/cpan-Locale-Maketext-Lexicon/inc
A   /var/folders/fn/fnQpv1CVF1OQBIYiaE+cQE+++TI/-Tmp-/YwfaGgdVGX/build/dists/cpan-Locale-Maketext-Lexicon/inc/Test
A   /var/folders/fn/fnQpv1CVF1OQBIYiaE+cQE+++TI/-Tmp-/YwfaGgdVGX/build/dists/cpan-Locale-Maketext-Lexicon/inc/Test/Builder.pm
A   /var/folders/fn/fnQpv1CVF1OQBIYiaE+cQE+++TI/-Tmp-/YwfaGgdVGX/build/dists/cpan-Locale-Maketext-Lexicon/inc/Test/Builder
A   /var/folders/fn/fnQpv1CVF1OQBIYiaE+cQE+++TI/-Tmp-/YwfaGgdVGX/build/dists/cpan-Locale-Maketext-Lexicon/inc/Test/Builder/Module.pm
A   /var/folders/fn/fnQpv1CVF1OQBIYiaE+cQE+++TI/-Tmp-/YwfaGgdVGX/build/dists/cpan-Locale-Maketext-Lexicon/inc/Test/More.pm
A   /var/folders/fn/fnQpv1CVF1OQBIYiaE+cQE+++TI/-Tmp-/YwfaGgdVGX/build/dists/cpan-Locale-Maketext-Lexicon/inc/attributes.pm
A   /var/folders/fn/fnQpv1CVF1OQBIYiaE+cQE+++TI/-Tmp-/YwfaGgdVGX/build/dists/cpan-Locale-Maketext-Lexicon/inc/Module
A   /var/folders/fn/fnQpv1CVF1OQBIYiaE+cQE+++TI/-Tmp-/YwfaGgdVGX/build/dists/cpan-Locale-Maketext-Lexicon/inc/Module/Install.pm
A   /var/folders/fn/fnQpv1CVF1OQBIYiaE+cQE+++TI/-Tmp-/YwfaGgdVGX/build/dists/cpan-Locale-Maketext-Lexicon/inc/Module/Install
A   /var/folders/fn/fnQpv1CVF1OQBIYiaE+cQE+++TI/-Tmp-/YwfaGgdVGX/build/dists/cpan-Locale-Maketext-Lexicon/inc/Module/Install/Scripts.pm
A   /var/folders/fn/fnQpv1CVF1OQBIYiaE+cQE+++TI/-Tmp-/YwfaGgdVGX/build/dists/cpan-Locale-Maketext-Lexicon/inc/Module/Install/Fetch.pm
A   /var/folders/fn/fnQpv1CVF1OQBIYiaE+cQE+++TI/-Tmp-/YwfaGgdVGX/build/dists/cpan-Locale-Maketext-Lexicon/inc/Module/Install/Base.pm
A   /var/folders/fn/fnQpv1CVF1OQBIYiaE+cQE+++TI/-Tmp-/YwfaGgdVGX/build/dists/cpan-Locale-Maketext-Lexicon/inc/Module/Install/Makefile.pm
A   /var/folders/fn/fnQpv1CVF1OQBIYiaE+cQE+++TI/-Tmp-/YwfaGgdVGX/build/dists/cpan-Locale-Maketext-Lexicon/inc/Module/Install/Metadata.pm
A   /var/folders/fn/fnQpv1CVF1OQBIYiaE+cQE+++TI/-Tmp-/YwfaGgdVGX/build/dists/cpan-Locale-Maketext-Lexicon/inc/Module/Install/Can.pm
A   /var/folders/fn/fnQpv1CVF1OQBIYiaE+cQE+++TI/-Tmp-/YwfaGgdVGX/build/dists/cpan-Locale-Maketext-Lexicon/inc/Module/Install/Win32.pm
A   /var/folders/fn/fnQpv1CVF1OQBIYiaE+cQE+++TI/-Tmp-/YwfaGgdVGX/build/dists/cpan-Locale-Maketext-Lexicon/inc/Module/Install/Include.pm
A   /var/folders/fn/fnQpv1CVF1OQBIYiaE+cQE+++TI/-Tmp-/YwfaGgdVGX/build/dists/cpan-Locale-Maketext-Lexicon/inc/Module/Install/WriteAll.pm
A   /var/folders/fn/fnQpv1CVF1OQBIYiaE+cQE+++TI/-Tmp-/YwfaGgdVGX/build/dists/cpan-Locale-Maketext-Lexicon/README
A   /var/folders/fn/fnQpv1CVF1OQBIYiaE+cQE+++TI/-Tmp-/YwfaGgdVGX/build/scripts
A   /var/folders/fn/fnQpv1CVF1OQBIYiaE+cQE+++TI/-Tmp-/YwfaGgdVGX/build/scripts/cpan-Acme-Hello
A   /var/folders/fn/fnQpv1CVF1OQBIYiaE+cQE+++TI/-Tmp-/YwfaGgdVGX/build/scripts/cpan-Acme-Hello/build
A   /var/folders/fn/fnQpv1CVF1OQBIYiaE+cQE+++TI/-Tmp-/YwfaGgdVGX/build/scripts/cpan-Acme-Hello/require.yml
A   /var/folders/fn/fnQpv1CVF1OQBIYiaE+cQE+++TI/-Tmp-/YwfaGgdVGX/build/scripts/cpan-Locale-Maketext-Lexicon
A   /var/folders/fn/fnQpv1CVF1OQBIYiaE+cQE+++TI/-Tmp-/YwfaGgdVGX/build/scripts/cpan-Locale-Maketext-Lexicon/build
A   /var/folders/fn/fnQpv1CVF1OQBIYiaE+cQE+++TI/-Tmp-/YwfaGgdVGX/build/scripts/cpan-Locale-Maketext-Lexicon/require.yml
A   /var/folders/fn/fnQpv1CVF1OQBIYiaE+cQE+++TI/-Tmp-/YwfaGgdVGX/build/bin
A   /var/folders/fn/fnQpv1CVF1OQBIYiaE+cQE+++TI/-Tmp-/YwfaGgdVGX/build/bin/shipwright-utility
A   /var/folders/fn/fnQpv1CVF1OQBIYiaE+cQE+++TI/-Tmp-/YwfaGgdVGX/build/bin/shipwright-builder
A   /var/folders/fn/fnQpv1CVF1OQBIYiaE+cQE+++TI/-Tmp-/YwfaGgdVGX/build/shipwright
A   /var/folders/fn/fnQpv1CVF1OQBIYiaE+cQE+++TI/-Tmp-/YwfaGgdVGX/build/shipwright/source.yml
A   /var/folders/fn/fnQpv1CVF1OQBIYiaE+cQE+++TI/-Tmp-/YwfaGgdVGX/build/shipwright/order.yml
A   /var/folders/fn/fnQpv1CVF1OQBIYiaE+cQE+++TI/-Tmp-/YwfaGgdVGX/build/shipwright/map.yml
A   /var/folders/fn/fnQpv1CVF1OQBIYiaE+cQE+++TI/-Tmp-/YwfaGgdVGX/build/etc
A   /var/folders/fn/fnQpv1CVF1OQBIYiaE+cQE+++TI/-Tmp-/YwfaGgdVGX/build/etc/shipwright-source-bash
A   /var/folders/fn/fnQpv1CVF1OQBIYiaE+cQE+++TI/-Tmp-/YwfaGgdVGX/build/etc/shipwright-source-tcsh
A   /var/folders/fn/fnQpv1CVF1OQBIYiaE+cQE+++TI/-Tmp-/YwfaGgdVGX/build/etc/shipwright-perl-wrapper
A   /var/folders/fn/fnQpv1CVF1OQBIYiaE+cQE+++TI/-Tmp-/YwfaGgdVGX/build/etc/shipwright-script-wrapper
A   /var/folders/fn/fnQpv1CVF1OQBIYiaE+cQE+++TI/-Tmp-/YwfaGgdVGX/build/etc/shipwright-utility
2008/02/11 22:33:08 INFO> Util.pm:52 Shipwright::Util::run - run cmd:
svk checkout -d /var/folders/fn/fnQpv1CVF1OQBIYiaE+cQE+++TI/-Tmp-/YwfaGgdVGX/build
2008/02/11 22:33:08 INFO> Util.pm:54 Shipwright::Util::run - run output:
Checkout path '/private/var/folders/fn/fnQpv1CVF1OQBIYiaE+cQE+++TI/-Tmp-/YwfaGgdVGX/build' detached.
2008/02/11 22:33:08 INFO> Build.pm:82 Shipwright::Build::run - run build to install to /var/folders/fn/fnQpv1CVF1OQBIYiaE+cQE+++TI/-Tmp-/WCd6rE7BNc
2008/02/11 22:33:08 INFO> Build.pm:146 Shipwright::Build::_install - build configure part in cpan-Locale-Maketext-Lexicon
2008/02/11 22:33:09 INFO> Build.pm:146 Shipwright::Build::_install - build make part in cpan-Locale-Maketext-Lexicon
2008/02/11 22:33:10 INFO> Build.pm:146 Shipwright::Build::_install - build test part in cpan-Locale-Maketext-Lexicon
2008/02/11 22:33:10 INFO> Build.pm:146 Shipwright::Build::_install - build install part in cpan-Locale-Maketext-Lexicon
2008/02/11 22:33:11 INFO> Build.pm:161 Shipwright::Build::_install - build cpan-Locale-Maketext-Lexicon with success!
2008/02/11 22:33:11 INFO> Build.pm:146 Shipwright::Build::_install - build configure part in cpan-Acme-Hello
2008/02/11 22:33:11 INFO> Build.pm:146 Shipwright::Build::_install - build make part in cpan-Acme-Hello
2008/02/11 22:33:12 INFO> Build.pm:146 Shipwright::Build::_install - build test part in cpan-Acme-Hello
2008/02/11 22:33:12 INFO> Build.pm:146 Shipwright::Build::_install - build install part in cpan-Acme-Hello
2008/02/11 22:33:12 INFO> Build.pm:161 Shipwright::Build::_install - build cpan-Acme-Hello with success!
2008/02/11 22:33:12 INFO> Build.pm:109 Shipwright::Build::run - install finished. the dists are at /var/folders/fn/fnQpv1CVF1OQBIYiaE+cQE+++TI/-Tmp-/WCd6rE7BNc

